<?xml version="1.0" encoding="UTF-8"?>
<testsuite name="ForthTest$CaseInsensitivity" tests="1" skipped="0" failures="0" errors="0" timestamp="2023-03-14T22:00:41" hostname="DESKTOP-F5HCO6D" time="0.088">
  <properties/>
  <testcase name="user-defined words are case-insensitive" classname="ForthTest$CaseInsensitivity" time="0.088"/>
  <system-out><![CDATA[]]></system-out>
  <system-err><![CDATA[]]></system-err>
</testsuite>
