<?xml version="1.0" encoding="UTF-8"?>
<testsuite name="BankAccountTest" tests="5" skipped="0" failures="0" errors="0" timestamp="2023-03-13T20:31:55" hostname="DESKTOP-F5HCO6D" time="33.083">
  <properties/>
  <testcase name="zeroBalanceWhenOpened" classname="BankAccountTest" time="0.023"/>
  <testcase name="closedAccountCannotBeAdjusted" classname="BankAccountTest" time="0.05"/>
  <testcase name="closedAccountHasNoBalance" classname="BankAccountTest" time="0.0"/>
  <testcase name="concurrentBalanceAdjustments" classname="BankAccountTest" time="33.009"/>
  <testcase name="sequentialBalanceAdjustments" classname="BankAccountTest" time="0.0"/>
  <system-out><![CDATA[]]></system-out>
  <system-err><![CDATA[]]></system-err>
</testsuite>
